2023-08-13 11:14:21,403 [INFO] Activator:176 - 


2023-08-13 11:14:21,415 [INFO] Activator:177 - !SESSION log4j initialized
2023-08-13 11:14:38,681 [INFO] LogOutputStream:77 - [STDOUT_REDIRECT] 
2023-08-13 12:50:02,107 [INFO] ApplicationProperties:184 - Using Application install path: C:\ST\STM32CubeIDE_1.12.1\STM32CubeIDE\plugins\com.st.stm32cube.common.mx_6.8.1.202304191431
2023-08-13 12:50:02,140 [INFO] DbMcusXml:78 - Set database path to: C:\ST\STM32CubeIDE_1.12.1\STM32CubeIDE\plugins\com.st.stm32cube.common.mx_6.8.1.202304191431\\db\/mcu/
2023-08-13 12:50:02,140 [INFO] ApiDb:274 - Set plugin database path to: C:\ST\STM32CubeIDE_1.12.1\STM32CubeIDE\plugins\com.st.stm32cube.common.mx_6.8.1.202304191431\\db\/plugins/boardmanager/
2023-08-13 12:50:02,145 [WARN] ApiDb:259 - Overriding images path with different value:  => C:\ST\STM32CubeIDE_1.12.1\STM32CubeIDE\plugins\com.st.stm32cube.common.mx_6.8.1.202304191431\\db\/plugins/mcufinder/images/
2023-08-13 12:50:02,175 [INFO] ApiDb:250 - Set database path to: C:\Users\CEO\.stmcufinder\plugins\mcufinder//mcu/
2023-08-13 12:50:02,177 [INFO] DbMcusAds:125 - Set database path to: C:\Users\CEO\.stmcufinder\plugins\mcufinder//mcu/
2023-08-13 12:50:02,213 [INFO] CrossReferenceDbSqlite:203 - Set database path to: C:\Users\CEO\.stmcufinder\plugins\mcufinder//mcu/cs/
2023-08-13 12:50:02,447 [INFO] RulesReader:64 - Compatibility file has been processed (293 Rules)
2023-08-13 12:50:02,591 [INFO] DbMcusXml:78 - Set database path to: C:\ST\STM32CubeIDE_1.12.1\STM32CubeIDE\plugins\com.st.stm32cube.common.mx_6.8.1.202304191431\\db\/mcu/
2023-08-13 12:50:02,591 [INFO] ApiDb:274 - Set plugin database path to: C:\ST\STM32CubeIDE_1.12.1\STM32CubeIDE\plugins\com.st.stm32cube.common.mx_6.8.1.202304191431\\db\/plugins/boardmanager/
2023-08-13 12:50:02,591 [INFO] ApiDb:261 - Set plugin images path to: C:\ST\STM32CubeIDE_1.12.1\STM32CubeIDE\plugins\com.st.stm32cube.common.mx_6.8.1.202304191431\\db\/plugins/mcufinder/images/
2023-08-13 12:50:02,592 [WARN] DbFile:41 - Overriding database path with different value: C:\Users\CEO\.stmcufinder\plugins\mcufinder/ => C:\Users\CEO\.stmcufinder\plugins\mcufinder
2023-08-13 12:50:02,592 [INFO] ApiDb:250 - Set database path to: C:\Users\CEO\.stmcufinder\plugins\mcufinder//mcu/
2023-08-13 12:50:02,592 [WARN] DbFile:41 - Overriding database path with different value: C:\Users\CEO\.stmcufinder\plugins\mcufinder/ => C:\Users\CEO\.stmcufinder\plugins\mcufinder
2023-08-13 12:50:02,592 [INFO] DbMcusAds:125 - Set database path to: C:\Users\CEO\.stmcufinder\plugins\mcufinder//mcu/
2023-08-13 12:50:02,592 [WARN] DbFile:41 - Overriding database path with different value: C:\Users\CEO\.stmcufinder\plugins\mcufinder/ => C:\Users\CEO\.stmcufinder\plugins\mcufinder
2023-08-13 12:50:02,592 [WARN] DbFile:41 - Overriding database path with different value: C:\Users\CEO\.stmcufinder\plugins\mcufinder/ => C:\Users\CEO\.stmcufinder\plugins\mcufinder
2023-08-13 12:50:02,592 [INFO] CrossReferenceDbSqlite:203 - Set database path to: C:\Users\CEO\.stmcufinder\plugins\mcufinder//mcu/cs/
2023-08-13 12:50:02,729 [INFO] MainPanel:253 - HeapMemory: 531628032
2023-08-13 12:50:02,915 [INFO] DbMcusXml:78 - Set database path to: C:\ST\STM32CubeIDE_1.12.1\STM32CubeIDE\plugins\com.st.stm32cube.common.mx_6.8.1.202304191431\\db\/mcu/
2023-08-13 12:50:02,915 [INFO] ApiDb:274 - Set plugin database path to: C:\ST\STM32CubeIDE_1.12.1\STM32CubeIDE\plugins\com.st.stm32cube.common.mx_6.8.1.202304191431\\db\/plugins/boardmanager/
2023-08-13 12:50:02,916 [INFO] ApiDb:261 - Set plugin images path to: C:\ST\STM32CubeIDE_1.12.1\STM32CubeIDE\plugins\com.st.stm32cube.common.mx_6.8.1.202304191431\\db\/plugins/mcufinder/images/
2023-08-13 12:50:02,917 [WARN] DbFile:41 - Overriding database path with different value: C:\Users\CEO\.stmcufinder\plugins\mcufinder/ => C:\Users\CEO\.stmcufinder\plugins\mcufinder
2023-08-13 12:50:02,917 [INFO] ApiDb:250 - Set database path to: C:\Users\CEO\.stmcufinder\plugins\mcufinder//mcu/
2023-08-13 12:50:02,917 [WARN] DbFile:41 - Overriding database path with different value: C:\Users\CEO\.stmcufinder\plugins\mcufinder/ => C:\Users\CEO\.stmcufinder\plugins\mcufinder
2023-08-13 12:50:02,917 [INFO] DbMcusAds:125 - Set database path to: C:\Users\CEO\.stmcufinder\plugins\mcufinder//mcu/
2023-08-13 12:50:02,918 [WARN] DbFile:41 - Overriding database path with different value: C:\Users\CEO\.stmcufinder\plugins\mcufinder/ => C:\Users\CEO\.stmcufinder\plugins\mcufinder
2023-08-13 12:50:02,918 [WARN] DbFile:41 - Overriding database path with different value: C:\Users\CEO\.stmcufinder\plugins\mcufinder/ => C:\Users\CEO\.stmcufinder\plugins\mcufinder
2023-08-13 12:50:02,918 [INFO] CrossReferenceDbSqlite:203 - Set database path to: C:\Users\CEO\.stmcufinder\plugins\mcufinder//mcu/cs/
2023-08-13 12:50:02,956 [INFO] ApplicationProperties:184 - Using Application install path: C:\ST\STM32CubeIDE_1.12.1\STM32CubeIDE\plugins\com.st.stm32cube.common.mx_6.8.1.202304191431
2023-08-13 12:50:02,959 [INFO] PluginManage:196 - Search for loadable plugins [exclusion list=, ]
2023-08-13 12:50:02,961 [INFO] PluginManage:310 - Check plugin analytics
2023-08-13 12:50:07,812 [INFO] AnalyticsPlugin:253 - Accepted Software Licenses: 
2023-08-13 12:50:07,817 [INFO] AnalyticsPlugin:255 - Accepted CMSIS Pack Licenses: 
2023-08-13 12:50:07,817 [INFO] AnalyticsPlugin:257 - Accepted Firmware Licenses: FW.F4.1.27.0
2023-08-13 12:50:07,823 [INFO] PluginManage:359 - Loaded plugin analytics (category:tool,tabindex:-1)
2023-08-13 12:50:07,823 [INFO] PluginManage:310 - Check plugin cadmodel
2023-08-13 12:50:07,846 [INFO] CADModel:105 - Init CAD model plugin
2023-08-13 12:50:07,846 [INFO] PluginManage:359 - Loaded plugin cadmodel (category:power,tabindex:5)
2023-08-13 12:50:07,846 [INFO] PluginManage:310 - Check plugin clock
2023-08-13 12:50:07,864 [INFO] PluginManage:359 - Loaded plugin clock (category:base,tabindex:2)
2023-08-13 12:50:07,865 [INFO] PluginManage:310 - Check plugin ddr
2023-08-13 12:50:07,867 [INFO] PluginManage:359 - Loaded plugin ddr (category:tool,tabindex:6)
2023-08-13 12:50:07,867 [INFO] PluginManage:310 - Check plugin filemanager
2023-08-13 12:50:08,081 [INFO] PluginManage:359 - Loaded plugin filemanager (category:base,tabindex:10)
2023-08-13 12:50:08,081 [INFO] PluginManage:310 - Check plugin ipmanager
2023-08-13 12:50:08,090 [INFO] PluginManage:359 - Loaded plugin ipmanager (category:base,tabindex:5)
2023-08-13 12:50:08,090 [INFO] PluginManage:310 - Check plugin lpbam
2023-08-13 12:50:08,291 [INFO] PluginManage:359 - Loaded plugin lpbam (category:base,tabindex:0)
2023-08-13 12:50:08,292 [INFO] PluginManage:310 - Check plugin pinoutandconfiguration
2023-08-13 12:50:08,308 [INFO] PluginManage:359 - Loaded plugin pinoutandconfiguration (category:base,tabindex:1)
2023-08-13 12:50:08,308 [INFO] PluginManage:310 - Check plugin pinoutconfig
2023-08-13 12:50:08,424 [WARN] SupportedApi:132 - Cannot load RTOS API schema: s4s-elt-must-match.1: The content of 'definitions' must match (annotation?, (simpleType | complexType)?, (unique | key | keyref)*)). A problem was found starting at: attribute.
2023-08-13 12:50:08,667 [INFO] PluginManage:359 - Loaded plugin pinoutconfig (category:base,tabindex:0)
2023-08-13 12:50:08,668 [INFO] PluginManage:310 - Check plugin power
2023-08-13 12:50:08,718 [INFO] PluginManage:359 - Loaded plugin power (category:power,tabindex:4)
2023-08-13 12:50:08,718 [INFO] PluginManage:310 - Check plugin projectmanager
2023-08-13 12:50:08,756 [INFO] PluginManage:359 - Loaded plugin projectmanager (category:projectmanager,tabindex:3)
2023-08-13 12:50:08,756 [INFO] PluginManage:310 - Check plugin thirdparty
2023-08-13 12:50:09,155 [INFO] PluginManage:359 - Loaded plugin thirdparty (category:base,tabindex:-1)
2023-08-13 12:50:09,155 [INFO] PluginManage:310 - Check plugin tools
2023-08-13 12:50:09,155 [WARN] IntegrityCheckThread:84 - waiting for thirdparty lock release [integrity check]
2023-08-13 12:50:09,157 [INFO] IntegrityCheckThread:86 - entering critical section [integrity check]
2023-08-13 12:50:09,159 [INFO] ThirdPartyUpdaterWithRetryManager:70 - Updater plugin not ready yet. [1/15]
2023-08-13 12:50:09,202 [INFO] PluginManage:359 - Loaded plugin tools (category:base,tabindex:7)
2023-08-13 12:50:09,203 [INFO] PluginManage:310 - Check plugin tutovideos
2023-08-13 12:50:09,653 [INFO] PluginManage:359 - Loaded plugin tutovideos (category:base,tabindex:-1)
2023-08-13 12:50:09,654 [INFO] PluginManage:310 - Check plugin updater
2023-08-13 12:50:09,683 [INFO] PluginManage:359 - Loaded plugin updater (category:base,tabindex:12)
2023-08-13 12:50:09,684 [INFO] PluginManage:283 - PluginManage : Loaded plugins [15]
2023-08-13 12:50:10,159 [INFO] PinOutPanel:1499 - setPackage(No Configuration,No Configuration)
2023-08-13 12:50:10,298 [INFO] CADModel:165 - CPN selected for project level
2023-08-13 12:50:10,298 [INFO] CADModel:114 - Register for checkConnection events
2023-08-13 12:50:10,432 [INFO] IPUIPlugin:80 - create IPUIPlugin
2023-08-13 12:50:10,432 [INFO] PluginManager:220 - loadIPPluginJar : add adc
2023-08-13 12:50:10,462 [INFO] IPUIPlugin:80 - create IPUIPlugin
2023-08-13 12:50:10,462 [INFO] PluginManager:220 - loadIPPluginJar : add aes
2023-08-13 12:50:10,496 [INFO] IPUIPlugin:80 - create IPUIPlugin
2023-08-13 12:50:10,496 [INFO] PluginManager:220 - loadIPPluginJar : add can
2023-08-13 12:50:10,516 [INFO] IPUIPlugin:80 - create IPUIPlugin
2023-08-13 12:50:10,517 [INFO] PluginManager:220 - loadIPPluginJar : add comp
2023-08-13 12:50:10,539 [INFO] IPUIPlugin:80 - create IPUIPlugin
2023-08-13 12:50:10,539 [INFO] PluginManager:220 - loadIPPluginJar : add cryp
2023-08-13 12:50:10,576 [INFO] IPUIPlugin:80 - create IPUIPlugin
2023-08-13 12:50:10,576 [INFO] PluginManager:220 - loadIPPluginJar : add dfsdm
2023-08-13 12:50:10,677 [INFO] IPUIPlugin:80 - create IPUIPlugin
2023-08-13 12:50:10,678 [INFO] PluginManager:220 - loadIPPluginJar : add dma
2023-08-13 12:50:10,721 [INFO] IPUIPlugin:80 - create IPUIPlugin
2023-08-13 12:50:10,721 [INFO] PluginManager:220 - loadIPPluginJar : add dma3
2023-08-13 12:50:10,741 [INFO] IPUIPlugin:80 - create IPUIPlugin
2023-08-13 12:50:10,741 [INFO] PluginManager:220 - loadIPPluginJar : add fatfs
2023-08-13 12:50:10,778 [INFO] IPUIPlugin:80 - create IPUIPlugin
2023-08-13 12:50:10,779 [INFO] PluginManager:220 - loadIPPluginJar : add fmc
2023-08-13 12:50:10,795 [INFO] IPUIPlugin:80 - create IPUIPlugin
2023-08-13 12:50:10,795 [INFO] PluginManager:220 - loadIPPluginJar : add freertos
2023-08-13 12:50:10,815 [INFO] IPUIPlugin:80 - create IPUIPlugin
2023-08-13 12:50:10,816 [INFO] PluginManager:220 - loadIPPluginJar : add genericplugin
2023-08-13 12:50:10,889 [INFO] IPUIPlugin:80 - create IPUIPlugin
2023-08-13 12:50:10,890 [INFO] PluginManager:220 - loadIPPluginJar : add gfxmmu
2023-08-13 12:50:10,996 [INFO] IPUIPlugin:80 - create IPUIPlugin
2023-08-13 12:50:10,997 [INFO] PluginManager:220 - loadIPPluginJar : add gic
2023-08-13 12:50:11,201 [INFO] IPUIPlugin:80 - create IPUIPlugin
2023-08-13 12:50:11,201 [INFO] PluginManager:220 - loadIPPluginJar : add gpio
2023-08-13 12:50:11,273 [INFO] IPUIPlugin:80 - create IPUIPlugin
2023-08-13 12:50:11,273 [INFO] PluginManager:220 - loadIPPluginJar : add gtzc
2023-08-13 12:50:11,302 [INFO] IPUIPlugin:80 - create IPUIPlugin
2023-08-13 12:50:11,302 [INFO] PluginManager:220 - loadIPPluginJar : add hash
2023-08-13 12:50:11,384 [INFO] IPUIPlugin:80 - create IPUIPlugin
2023-08-13 12:50:11,384 [INFO] PluginManager:220 - loadIPPluginJar : add i2c
2023-08-13 12:50:11,415 [INFO] IPUIPlugin:80 - create IPUIPlugin
2023-08-13 12:50:11,416 [INFO] PluginManager:220 - loadIPPluginJar : add i2s
2023-08-13 12:50:11,453 [INFO] IPUIPlugin:80 - create IPUIPlugin
2023-08-13 12:50:11,453 [INFO] PluginManager:220 - loadIPPluginJar : add i3c
2023-08-13 12:50:11,513 [INFO] IPUIPlugin:80 - create IPUIPlugin
2023-08-13 12:50:11,513 [INFO] PluginManager:220 - loadIPPluginJar : add ipddr
2023-08-13 12:50:11,598 [INFO] IPUIPlugin:80 - create IPUIPlugin
2023-08-13 12:50:11,599 [INFO] PluginManager:220 - loadIPPluginJar : add linkedlist
2023-08-13 12:50:11,634 [INFO] IPUIPlugin:80 - create IPUIPlugin
2023-08-13 12:50:11,634 [INFO] PluginManager:220 - loadIPPluginJar : add lorawan
2023-08-13 12:50:11,676 [INFO] IPUIPlugin:80 - create IPUIPlugin
2023-08-13 12:50:11,677 [INFO] PluginManager:220 - loadIPPluginJar : add ltdc
2023-08-13 12:50:11,845 [INFO] IPUIPlugin:80 - create IPUIPlugin
2023-08-13 12:50:11,845 [INFO] PluginManager:220 - loadIPPluginJar : add mdma
2023-08-13 12:50:12,052 [INFO] IPUIPlugin:80 - create IPUIPlugin
2023-08-13 12:50:12,052 [INFO] PluginManager:220 - loadIPPluginJar : add nvic
2023-08-13 12:50:12,085 [INFO] IPUIPlugin:80 - create IPUIPlugin
2023-08-13 12:50:12,085 [INFO] PluginManager:220 - loadIPPluginJar : add opamp
2023-08-13 12:50:12,142 [INFO] IPUIPlugin:80 - create IPUIPlugin
2023-08-13 12:50:12,143 [INFO] PluginManager:220 - loadIPPluginJar : add openamp
2023-08-13 12:50:12,168 [INFO] ThirdPartyUpdaterWithRetryManager:70 - Updater plugin not ready yet. [2/15]
2023-08-13 12:50:12,181 [INFO] IPUIPlugin:80 - create IPUIPlugin
2023-08-13 12:50:12,181 [INFO] PluginManager:220 - loadIPPluginJar : add pdm2pcm
2023-08-13 12:50:12,318 [INFO] IPUIPlugin:80 - create IPUIPlugin
2023-08-13 12:50:12,323 [INFO] PluginManager:220 - loadIPPluginJar : add plateformsettings
2023-08-13 12:50:12,343 [INFO] IPUIPlugin:80 - create IPUIPlugin
2023-08-13 12:50:12,343 [INFO] PluginManager:220 - loadIPPluginJar : add quadspi
2023-08-13 12:50:12,353 [INFO] IPUIPlugin:80 - create IPUIPlugin
2023-08-13 12:50:12,354 [INFO] PluginManager:220 - loadIPPluginJar : add resmgrutility
2023-08-13 12:50:12,377 [INFO] IPUIPlugin:80 - create IPUIPlugin
2023-08-13 12:50:12,377 [INFO] PluginManager:220 - loadIPPluginJar : add sai
2023-08-13 12:50:12,405 [INFO] IPUIPlugin:80 - create IPUIPlugin
2023-08-13 12:50:12,406 [INFO] PluginManager:220 - loadIPPluginJar : add spi
2023-08-13 12:50:12,439 [INFO] IPUIPlugin:80 - create IPUIPlugin
2023-08-13 12:50:12,439 [INFO] PluginManager:220 - loadIPPluginJar : add stm32_wpan
2023-08-13 12:50:12,456 [INFO] IPUIPlugin:80 - create IPUIPlugin
2023-08-13 12:50:12,456 [INFO] PluginManager:220 - loadIPPluginJar : add tim
2023-08-13 12:50:12,492 [INFO] IPUIPlugin:80 - create IPUIPlugin
2023-08-13 12:50:12,492 [INFO] PluginManager:220 - loadIPPluginJar : add touchsensing
2023-08-13 12:50:12,508 [INFO] IPUIPlugin:80 - create IPUIPlugin
2023-08-13 12:50:12,509 [INFO] PluginManager:220 - loadIPPluginJar : add tracer_emb
2023-08-13 12:50:12,524 [INFO] IPUIPlugin:80 - create IPUIPlugin
2023-08-13 12:50:12,525 [INFO] PluginManager:220 - loadIPPluginJar : add ts
2023-08-13 12:50:12,543 [INFO] IPUIPlugin:80 - create IPUIPlugin
2023-08-13 12:50:12,543 [INFO] PluginManager:220 - loadIPPluginJar : add tsc
2023-08-13 12:50:12,562 [INFO] IPUIPlugin:80 - create IPUIPlugin
2023-08-13 12:50:12,562 [INFO] PluginManager:220 - loadIPPluginJar : add ucpd
2023-08-13 12:50:12,588 [INFO] IPUIPlugin:80 - create IPUIPlugin
2023-08-13 12:50:12,588 [INFO] PluginManager:220 - loadIPPluginJar : add usart
2023-08-13 12:50:12,633 [INFO] IPUIPlugin:80 - create IPUIPlugin
2023-08-13 12:50:12,633 [INFO] PluginManager:220 - loadIPPluginJar : add usbx
2023-08-13 12:50:12,801 [INFO] CADModel:165 - CPN selected for project level
2023-08-13 12:50:12,801 [INFO] CADModel:114 - Register for checkConnection events
2023-08-13 12:50:12,802 [FATAL] Updater:308 - Updater called before beeing initialized
2023-08-13 12:50:12,802 [ERROR] CADModel:125 - Updater not yet initialized, retry later 
2023-08-13 12:50:13,087 [INFO] CADModel:165 - CPN selected for project level
2023-08-13 12:50:13,088 [INFO] CADModel:114 - Register for checkConnection events
2023-08-13 12:50:13,088 [FATAL] Updater:308 - Updater called before beeing initialized
2023-08-13 12:50:13,088 [ERROR] CADModel:125 - Updater not yet initialized, retry later 
2023-08-13 12:50:13,095 [FATAL] Updater:308 - Updater called before beeing initialized
2023-08-13 12:50:13,355 [FATAL] Updater:308 - Updater called before beeing initialized
2023-08-13 12:50:13,369 [INFO] DbMcusAds:53 - JSON generation date=Tue Mar 07 05:50:55 ART 2023 (1678179055114)
2023-08-13 12:50:13,369 [FATAL] Updater:308 - Updater called before beeing initialized
2023-08-13 12:50:13,464 [WARN] DetailPanel:346 - Failed to get advertising image, set to default
2023-08-13 12:50:13,667 [FATAL] Updater:308 - Updater called before beeing initialized
2023-08-13 12:50:13,671 [FATAL] Updater:308 - Updater called before beeing initialized
2023-08-13 12:50:13,671 [FATAL] Updater:308 - Updater called before beeing initialized
2023-08-13 12:50:13,671 [WARN] DetailPanel:346 - Failed to get advertising image, set to default
2023-08-13 12:50:13,672 [FATAL] Updater:308 - Updater called before beeing initialized
2023-08-13 12:50:13,770 [ERROR] Updater:1120 - MainUpdater not yet initialized. External WinMGr cannot be set.
2023-08-13 12:50:13,778 [INFO] Updater:1056 - Updater Version found : 6.8.1
2023-08-13 12:50:13,802 [INFO] ApplicationProperties:184 - Using Application install path: C:\ST\STM32CubeIDE_1.12.1\STM32CubeIDE\plugins\com.st.stm32cube.common.mx_6.8.1.202304191431
2023-08-13 12:50:14,049 [INFO] MainUpdater:2854 - connection check result : 10
2023-08-13 12:50:14,050 [INFO] MainUpdater:3548 - Updater definition file requires update
2023-08-13 12:50:14,052 [INFO] MainUpdater:283 - Updater Check For Update Now.
2023-08-13 12:50:14,053 [INFO] MicroXplorer:498 - Change Database Version : DB.6.0.81
2023-08-13 12:50:15,172 [WARN] MainUpdater:1187 - Updater busy. Cannot search thirdparties
2023-08-13 12:50:15,173 [INFO] ThirdPartyUpdaterWithRetryManager:96 - Updater plugin is busy. [1/15]
2023-08-13 12:50:15,801 [INFO] ServerAccessManage:473 - Download File updaters.zip
2023-08-13 12:50:15,887 [INFO] FileExtend:240 - Unzip File : updaters.zip
2023-08-13 12:50:15,887 [INFO] FileExtend:255 - Standard Zip Deflate
2023-08-13 12:50:17,173 [INFO] ServerAccessManage:473 - Download File PacksControlFlags.xml
2023-08-13 12:50:18,186 [WARN] MainUpdater:1187 - Updater busy. Cannot search thirdparties
2023-08-13 12:50:18,186 [INFO] ThirdPartyUpdaterWithRetryManager:96 - Updater plugin is busy. [2/15]
2023-08-13 12:50:18,364 [INFO] ServerAccessManage:473 - Download File cubemx.pidx
2023-08-13 12:50:19,371 [INFO] ServerAccessManage:473 - Download File STMicroelectronics.X-CUBE-BLE1.pdsc
2023-08-13 12:50:21,187 [WARN] MainUpdater:1187 - Updater busy. Cannot search thirdparties
2023-08-13 12:50:21,187 [INFO] ThirdPartyUpdaterWithRetryManager:96 - Updater plugin is busy. [3/15]
2023-08-13 12:50:24,190 [WARN] MainUpdater:1187 - Updater busy. Cannot search thirdparties
2023-08-13 12:50:24,190 [INFO] ThirdPartyUpdaterWithRetryManager:96 - Updater plugin is busy. [4/15]
2023-08-13 12:50:25,523 [ERROR] ServerAccessManage:1089 - Problem, file not found on Server
2023-08-13 12:50:27,110 [INFO] ServerAccessManage:473 - Download File STMicroelectronics.X-CUBE-AZRTOS-L5.pdsc
2023-08-13 12:50:27,198 [WARN] MainUpdater:1187 - Updater busy. Cannot search thirdparties
2023-08-13 12:50:27,198 [INFO] ThirdPartyUpdaterWithRetryManager:96 - Updater plugin is busy. [5/15]
2023-08-13 12:50:29,788 [INFO] ServerAccessManage:473 - Download File STMicroelectronics.X-CUBE-AZRTOS-WB.pdsc
2023-08-13 12:50:30,206 [WARN] MainUpdater:1187 - Updater busy. Cannot search thirdparties
2023-08-13 12:50:30,206 [INFO] ThirdPartyUpdaterWithRetryManager:96 - Updater plugin is busy. [6/15]
2023-08-13 12:50:31,812 [ERROR] ServerAccessManage:1096 - Problem, Http access forbiden
2023-08-13 12:50:31,814 [ERROR] ServerAccessManage:651 - Problem, Http access forbiden : RoweBots.I-CUBE-UNISONRTOS.pdsc.
2023-08-13 12:50:32,023 [WARN] PackLoader:240 - Cannot read IP mode file for STMicroelectronics.X-CUBE-BLE1.7.0.0
2023-08-13 12:50:32,072 [WARN] PackLoader:240 - Cannot read IP mode file for STMicroelectronics.X-CUBE-AZRTOS-L5.2.0.0
2023-08-13 12:50:32,101 [WARN] ConditionMgr:438 - getConditionDescription Invalid condition id : UX DEVICE CLASS RTOS Condition cause : null
2023-08-13 12:50:32,102 [WARN] ConditionMgr:438 - getConditionDescription Invalid condition id : UX DEVICE CLASS RTOS Condition cause : null
2023-08-13 12:50:32,131 [WARN] PackLoader:240 - Cannot read IP mode file for STMicroelectronics.X-CUBE-AZRTOS-WB.2.0.0
2023-08-13 12:50:32,133 [WARN] ConditionMgr:1039 - genDependencies : Invalid condition id : UX DEVICE CLASS RTOS Condition cause : null
2023-08-13 12:50:32,133 [WARN] ConditionMgr:1039 - genDependencies : Invalid condition id : UX DEVICE CLASS RTOS Condition cause : null
2023-08-13 12:50:32,134 [WARN] ConditionMgr:1039 - genDependencies : Invalid condition id : UX DEVICE CLASS RTOS Condition cause : null
2023-08-13 12:50:32,135 [WARN] ConditionMgr:1039 - genDependencies : Invalid condition id : UX DEVICE CLASS RTOS Condition cause : null
2023-08-13 12:50:32,136 [WARN] ConditionMgr:1039 - genDependencies : Invalid condition id : UX DEVICE CLASS RTOS Condition cause : null
2023-08-13 12:50:32,138 [INFO] PopulateThirdPartyThread:66 - Ending populate Thread
2023-08-13 12:50:32,143 [INFO] ThirdParty:1030 - CMSIS Pack Vendor :STMicroelectronics X-CUBE-AZRTOS-WB 2.0.0
2023-08-13 12:50:32,143 [INFO] ThirdParty:1030 - CMSIS Pack Vendor :STMicroelectronics X-CUBE-BLE1 7.0.0
2023-08-13 12:50:32,144 [INFO] ThirdParty:1030 - CMSIS Pack Vendor :STMicroelectronics X-CUBE-AZRTOS-L5 2.0.0
2023-08-13 12:50:32,144 [INFO] LoadServerUpdatesThread:373 - End of LoadServerUpdate Thread
2023-08-13 12:50:32,159 [INFO] CheckServerUpdateThread:120 - End of CheckServer Thread
2023-08-13 12:50:32,313 [INFO] MainUpdater:2854 - connection check result : 10
2023-08-13 12:50:32,322 [INFO] MainUpdater:2854 - connection check result : 10
2023-08-13 12:50:32,456 [INFO] MicroXplorer:468 - Change Database Path : 
2023-08-13 12:50:32,457 [INFO] MicroXplorer:498 - Change Database Version : DB.6.0.81
2023-08-13 12:50:32,457 [WARN] ThirdParty:871 - waiting for thirdparty lock release [close project]
2023-08-13 12:50:33,557 [WARN] PackLoader:240 - Cannot read IP mode file for STMicroelectronics.X-CUBE-SMBUS.2.1.0
2023-08-13 12:50:33,675 [WARN] PackLoader:240 - Cannot read IP mode file for STMicroelectronics.X-CUBE-AZRTOS-F7.1.1.0
2023-08-13 12:50:33,702 [WARN] PackLoader:240 - Cannot read IP mode file for STMicroelectronics.FP-SNS-MOTENV1.4.3.2
2023-08-13 12:50:33,717 [ERROR] RealEvaluatedCondition:428 - Found unsupported composite condition: CLASS='Data Exchange' GROUP='STM32_MetaDataManager'
2023-08-13 12:50:33,717 [ERROR] RealEvaluatedCondition:428 - Found unsupported composite condition: GROUP='STM32_MetaDataManager' CLASS='Data Exchange'
2023-08-13 12:50:33,720 [WARN] PackLoader:240 - Cannot read IP mode file for STMicroelectronics.FP-SNS-MOTENV1.4.3.1
2023-08-13 12:50:33,735 [WARN] PackLoader:240 - Cannot read IP mode file for STMicroelectronics.FP-SNS-FLIGHT1.5.0.1
2023-08-13 12:50:33,751 [WARN] PackLoader:240 - Cannot read IP mode file for STMicroelectronics.X-CUBE-BLE1.6.2.4
2023-08-13 12:50:33,782 [WARN] PackLoader:240 - Cannot read IP mode file for STMicroelectronics.FP-SNS-FLIGHT1.5.0.2
2023-08-13 12:50:33,825 [WARN] PackLoader:240 - Cannot read IP mode file for STMicroelectronics.X-CUBE-DISPLAY.3.0.0
2023-08-13 12:50:33,839 [WARN] PackLoader:240 - Cannot read IP mode file for STMicroelectronics.X-CUBE-BLE1.7.0.0
2023-08-13 12:50:33,857 [WARN] PackLoader:240 - Cannot read IP mode file for STMicroelectronics.X-CUBE-TOUCHGFX.4.22.0
2023-08-13 12:50:33,904 [INFO] LogOutputStream:77 - [STDOUT_REDIRECT] 1 : Invalid condition id : UX_CORESTACK_Condition cause : null
2023-08-13 12:50:33,904 [INFO] LogOutputStream:77 - [STDOUT_REDIRECT] 1 : Invalid condition id : UX_CORESTACK_Condition cause : null
2023-08-13 12:50:33,906 [INFO] LogOutputStream:77 - [STDOUT_REDIRECT] 1 : Invalid condition id : UX_CORESTACK_Condition cause : null
2023-08-13 12:50:33,908 [INFO] LogOutputStream:77 - [STDOUT_REDIRECT] 1 : Invalid condition id : UX_CORESTACK_Condition cause : null
2023-08-13 12:50:33,909 [INFO] LogOutputStream:77 - [STDOUT_REDIRECT] 1 : Invalid condition id : UX_CORESTACK_Condition cause : null
2023-08-13 12:50:33,915 [WARN] PackLoader:240 - Cannot read IP mode file for STMicroelectronics.X-CUBE-AZRTOS-WL.2.0.0
2023-08-13 12:50:33,962 [WARN] PackLoader:240 - Cannot read IP mode file for WES.I-CUBE-Cesium.1.3.0
2023-08-13 12:50:33,977 [WARN] PackLoader:240 - Cannot read IP mode file for STMicroelectronics.X-CUBE-BLE2.3.3.0
2023-08-13 12:50:34,005 [WARN] PackLoader:240 - Cannot read IP mode file for STMicroelectronics.X-CUBE-TOUCHGFX.4.21.4
2023-08-13 12:50:34,029 [WARN] PackLoader:240 - Cannot read IP mode file for STMicroelectronics.X-CUBE-ALGOBUILD.1.3.0
2023-08-13 12:50:34,116 [WARN] PackLoader:240 - Cannot read IP mode file for STMicroelectronics.X-CUBE-AZRTOS-G0.1.1.0
2023-08-13 12:50:34,140 [WARN] PackLoader:240 - Cannot read IP mode file for STMicroelectronics.X-CUBE-NFC4.3.0.0
2023-08-13 12:50:34,156 [WARN] PackLoader:240 - Cannot read IP mode file for STMicroelectronics.FP-ATR-SIGFOX1.3.2.0
2023-08-13 12:50:34,224 [WARN] PackLoader:240 - Cannot read IP mode file for SEGGER.I-CUBE-embOS.1.3.1
2023-08-13 12:50:34,303 [WARN] PackLoader:240 - Cannot read IP mode file for STMicroelectronics.X-CUBE-GNSS1.6.0.0
2023-08-13 12:50:34,377 [WARN] PackLoader:240 - Cannot read IP mode file for STMicroelectronics.X-CUBE-AZRTOS-F4.1.1.0
2023-08-13 12:50:34,421 [WARN] PackLoader:240 - Cannot read IP mode file for wolfSSL.I-CUBE-wolfSSL.5.6.0
2023-08-13 12:50:34,448 [WARN] PackLoader:240 - Cannot read IP mode file for STMicroelectronics.X-CUBE-AZRTOS-L5.2.0.0
2023-08-13 12:50:34,582 [WARN] PackLoader:240 - Cannot read IP mode file for STMicroelectronics.X-CUBE-MEMS1.9.6.0
2023-08-13 12:50:34,846 [WARN] PackLoader:240 - Cannot read IP mode file for emotas.I-CUBE-CANOPEN.1.1.3
2023-08-13 12:50:34,865 [WARN] PackLoader:240 - Cannot read IP mode file for STMicroelectronics.X-CUBE-BLEMGR.2.0.0
2023-08-13 12:50:34,914 [WARN] ConditionMgr:438 - getConditionDescription Invalid condition id : UX DEVICE CLASS RTOS Condition cause : null
2023-08-13 12:50:34,915 [WARN] ConditionMgr:438 - getConditionDescription Invalid condition id : UX DEVICE CLASS RTOS Condition cause : null
2023-08-13 12:50:34,919 [WARN] PackLoader:240 - Cannot read IP mode file for STMicroelectronics.X-CUBE-AZRTOS-H7.3.1.0
2023-08-13 12:50:34,920 [WARN] ConditionMgr:1039 - genDependencies : Invalid condition id : UX DEVICE CLASS RTOS Condition cause : null
2023-08-13 12:50:34,920 [WARN] ConditionMgr:1039 - genDependencies : Invalid condition id : UX DEVICE CLASS RTOS Condition cause : null
2023-08-13 12:50:34,921 [WARN] ConditionMgr:1039 - genDependencies : Invalid condition id : UX DEVICE CLASS RTOS Condition cause : null
2023-08-13 12:50:34,922 [WARN] ConditionMgr:1039 - genDependencies : Invalid condition id : UX DEVICE CLASS RTOS Condition cause : null
2023-08-13 12:50:34,922 [WARN] ConditionMgr:1039 - genDependencies : Invalid condition id : UX DEVICE CLASS RTOS Condition cause : null
2023-08-13 12:50:34,949 [WARN] PackLoader:240 - Cannot read IP mode file for STMicroelectronics.X-CUBE-NFC7.1.0.1
2023-08-13 12:50:34,965 [WARN] PackLoader:240 - Cannot read IP mode file for STMicroelectronics.X-CUBE-EEPRMA1.4.1.0
2023-08-13 12:50:34,978 [WARN] PackLoader:240 - Cannot read IP mode file for STMicroelectronics.X-CUBE-AI.8.1.0
2023-08-13 12:50:35,037 [WARN] ConditionMgr:438 - getConditionDescription Invalid condition id : LAN8742 Phy interface Condition cause : null
2023-08-13 12:50:35,038 [WARN] PackLoader:240 - Cannot read IP mode file for STMicroelectronics.X-CUBE-AZRTOS-L4.2.0.0
2023-08-13 12:50:35,040 [WARN] ConditionMgr:1039 - genDependencies : Invalid condition id : LAN8742 Phy interface Condition cause : null
2023-08-13 12:50:35,040 [WARN] ConditionMgr:1039 - genDependencies : Invalid condition id : LAN8742 Phy interface Condition cause : null
2023-08-13 12:50:35,041 [WARN] ConditionMgr:1039 - genDependencies : Invalid condition id : LAN8742 Phy interface Condition cause : null
2023-08-13 12:50:35,063 [WARN] PackLoader:240 - Cannot read IP mode file for STMicroelectronics.X-CUBE-SFXS2LP1.4.0.0
2023-08-13 12:50:35,083 [WARN] PackLoader:240 - Cannot read IP mode file for STMicroelectronics.X-CUBE-ISPU.1.1.0
2023-08-13 12:50:35,099 [WARN] ConditionMgr:438 - getConditionDescription Invalid condition id : UX DEVICE CLASS RTOS Condition cause : null
2023-08-13 12:50:35,100 [WARN] ConditionMgr:438 - getConditionDescription Invalid condition id : UX DEVICE CLASS RTOS Condition cause : null
2023-08-13 12:50:35,103 [WARN] PackLoader:240 - Cannot read IP mode file for STMicroelectronics.X-CUBE-AZRTOS-WB.2.0.0
2023-08-13 12:50:35,104 [WARN] ConditionMgr:1039 - genDependencies : Invalid condition id : UX DEVICE CLASS RTOS Condition cause : null
2023-08-13 12:50:35,104 [WARN] ConditionMgr:1039 - genDependencies : Invalid condition id : UX DEVICE CLASS RTOS Condition cause : null
2023-08-13 12:50:35,105 [WARN] ConditionMgr:1039 - genDependencies : Invalid condition id : UX DEVICE CLASS RTOS Condition cause : null
2023-08-13 12:50:35,105 [WARN] ConditionMgr:1039 - genDependencies : Invalid condition id : UX DEVICE CLASS RTOS Condition cause : null
2023-08-13 12:50:35,106 [WARN] ConditionMgr:1039 - genDependencies : Invalid condition id : UX DEVICE CLASS RTOS Condition cause : null
2023-08-13 12:50:35,132 [WARN] PackLoader:240 - Cannot read IP mode file for STMicroelectronics.X-CUBE-FREERTOS.1.0.1
2023-08-13 12:50:35,173 [WARN] PackLoader:240 - Cannot read IP mode file for STMicroelectronics.X-CUBE-AZRTOS-L5.1.1.0
2023-08-13 12:50:35,204 [WARN] PackLoader:240 - Cannot read IP mode file for STMicroelectronics.X-CUBE-AI.8.0.1
2023-08-13 12:50:35,228 [WARN] PackLoader:240 - Cannot read IP mode file for STMicroelectronics.X-CUBE-SUBG2.5.0.0
2023-08-13 12:50:35,257 [WARN] PackLoader:240 - Cannot read IP mode file for STMicroelectronics.X-CUBE-TOF1.3.3.1
2023-08-13 12:50:35,310 [WARN] PackLoader:240 - Cannot read IP mode file for STMicroelectronics.X-CUBE-AZRTOS-G4.2.0.0
2023-08-13 12:50:35,341 [WARN] PackLoader:240 - Cannot read IP mode file for STMicroelectronics.X-CUBE-TOF1.3.3.0
2023-08-13 12:50:35,378 [WARN] PackLoader:240 - Cannot read IP mode file for portGmbH.I-Cube-SoM-uGOAL.1.1.0
2023-08-13 12:50:35,390 [WARN] PackLoader:240 - Cannot read IP mode file for STMicroelectronics.X-CUBE-ALS.1.0.1
2023-08-13 12:50:35,426 [WARN] PackLoader:240 - Cannot read IP mode file for STMicroelectronics.X-CUBE-AZRTOS-WB.1.1.0
2023-08-13 12:50:35,453 [WARN] PackLoader:240 - Cannot read IP mode file for STMicroelectronics.FP-ATR-ASTRA1.2.0.0
2023-08-13 12:50:35,454 [INFO] ThirdParty:978 - Integrity check success = true
2023-08-13 12:50:35,454 [INFO] IntegrityCheckThread:100 - exiting critical section [integrity check]
2023-08-13 12:50:35,455 [INFO] IntegrityCheckThread:103 - End integrity checks thread
2023-08-13 12:50:35,455 [INFO] ThirdParty:873 - entering critical section [close project]
2023-08-13 12:50:35,456 [INFO] ThirdParty:883 - exiting critical section [close project]
2023-08-13 12:50:35,460 [INFO] PinOutPanel:1499 - setPackage(No Configuration,No Configuration)
2023-08-13 12:50:35,466 [INFO] UtilMem:75 - Begin LoadConfig() Used Memory: 646019584 Bytes (878706688)
2023-08-13 12:50:35,467 [INFO] MicroXplorer:468 - Change Database Path : 
2023-08-13 12:50:35,468 [INFO] MicroXplorer:498 - Change Database Version : DB.6.0.81
2023-08-13 12:50:35,468 [INFO] OpenFileManager:308 - Change cursor
2023-08-13 12:50:35,568 [INFO] Mcu:1937 - Initializing MCU STM32F413Z(G-H)Tx STM32F413ZHTx STM32F413ZHT3
2023-08-13 12:50:40,226 [INFO] Context:659 - Trying to add GPIOservice into a context  which must be forbidden
2023-08-13 12:50:41,706 [INFO] RtosManager:555 - Registered RTOS mode: class=CMSIS, group=RTOS, mode=CMSIS_V1, owner=FREERTOS
2023-08-13 12:50:41,706 [INFO] RtosManager:555 - Registered RTOS mode: class=CMSIS, group=RTOS2, mode=CMSIS_V2, owner=FREERTOS
2023-08-13 12:50:41,707 [INFO] RtosManager:555 - Registered RTOS mode: class=RTOS, group=Core, mode=CMSIS_V1, owner=FREERTOS
2023-08-13 12:50:41,707 [INFO] RtosManager:555 - Registered RTOS mode: class=RTOS, group=Core, mode=CMSIS_V2, owner=FREERTOS
2023-08-13 12:50:41,707 [WARN] ModelIntegratedComponent:184 - Missing modes for component STMicroelectronics:FreeRTOS:0.0.1:STMicroelectronics:RTOS:FreeRTOS:Core:::10.2.0:
2023-08-13 12:50:41,715 [WARN] ModelIntegratedComponent:182 - Modes not found for component STMicroelectronics:USB_HOST:1.0.0:STMicroelectronics:USB::USB Host:Audio HS::1.0:USB_HOST_1_0_RESTRICTED_HS
2023-08-13 12:50:41,716 [WARN] ModelIntegratedComponent:188 - Modes not found for component STMicroelectronics:USB_HOST:1.0.0:STMicroelectronics:USB::USB Host:Audio HS::1.0:USB_HOST_1_0_RESTRICTED_HS
2023-08-13 12:50:41,716 [WARN] ModelIntegratedComponent:182 - Modes not found for component STMicroelectronics:USB_HOST:1.0.0:STMicroelectronics:USB::USB Host:CDC HS::1.0:USB_HOST_1_0_RESTRICTED_HS
2023-08-13 12:50:41,717 [WARN] ModelIntegratedComponent:188 - Modes not found for component STMicroelectronics:USB_HOST:1.0.0:STMicroelectronics:USB::USB Host:CDC HS::1.0:USB_HOST_1_0_RESTRICTED_HS
2023-08-13 12:50:41,717 [WARN] ModelIntegratedComponent:182 - Modes not found for component STMicroelectronics:USB_HOST:1.0.0:STMicroelectronics:USB::USB Host:MSC HS::1.0:USB_HOST_1_0_RESTRICTED_HS
2023-08-13 12:50:41,717 [WARN] ModelIntegratedComponent:188 - Modes not found for component STMicroelectronics:USB_HOST:1.0.0:STMicroelectronics:USB::USB Host:MSC HS::1.0:USB_HOST_1_0_RESTRICTED_HS
2023-08-13 12:50:41,717 [WARN] ModelIntegratedComponent:182 - Modes not found for component STMicroelectronics:USB_HOST:1.0.0:STMicroelectronics:USB::USB Host:HID HS::1.0:USB_HOST_1_0_RESTRICTED_HS
2023-08-13 12:50:41,717 [WARN] ModelIntegratedComponent:188 - Modes not found for component STMicroelectronics:USB_HOST:1.0.0:STMicroelectronics:USB::USB Host:HID HS::1.0:USB_HOST_1_0_RESTRICTED_HS
2023-08-13 12:50:41,717 [WARN] ModelIntegratedComponent:182 - Modes not found for component STMicroelectronics:USB_HOST:1.0.0:STMicroelectronics:USB::USB Host:MTP HS::1.0:USB_HOST_1_0_RESTRICTED_HS
2023-08-13 12:50:41,717 [WARN] ModelIntegratedComponent:188 - Modes not found for component STMicroelectronics:USB_HOST:1.0.0:STMicroelectronics:USB::USB Host:MTP HS::1.0:USB_HOST_1_0_RESTRICTED_HS
2023-08-13 12:50:41,735 [WARN] ModelIntegratedComponent:63 - No mode defined for component null
2023-08-13 12:50:41,735 [WARN] ModelIntegratedComponent:63 - No mode defined for component null
2023-08-13 12:50:41,735 [WARN] ModelIntegratedComponent:63 - No mode defined for component null
2023-08-13 12:50:41,735 [WARN] ModelIntegratedComponent:63 - No mode defined for component null
2023-08-13 12:50:41,736 [WARN] ModelIntegratedComponent:63 - No mode defined for component null
2023-08-13 12:50:41,736 [WARN] ModelIntegratedComponent:63 - No mode defined for component null
2023-08-13 12:50:41,736 [WARN] ModelIntegratedComponent:63 - No mode defined for component null
2023-08-13 12:50:41,736 [WARN] ModelIntegratedComponent:63 - No mode defined for component null
2023-08-13 12:50:41,736 [WARN] ModelIntegratedComponent:63 - No mode defined for component null
2023-08-13 12:50:41,736 [WARN] ModelIntegratedComponent:63 - No mode defined for component null
2023-08-13 12:50:41,736 [WARN] ModelIntegratedComponent:63 - No mode defined for component null
2023-08-13 12:50:41,736 [WARN] ModelIntegratedComponent:63 - No mode defined for component null
2023-08-13 12:50:41,736 [WARN] ModelIntegratedComponent:63 - No mode defined for component null
2023-08-13 12:50:41,736 [WARN] ModelIntegratedComponent:63 - No mode defined for component null
2023-08-13 12:50:41,737 [WARN] ModelIntegratedComponent:63 - No mode defined for component null
2023-08-13 12:50:41,737 [WARN] ModelIntegratedComponent:63 - No mode defined for component null
2023-08-13 12:50:41,737 [WARN] ModelIntegratedComponent:63 - No mode defined for component null
2023-08-13 12:50:41,737 [WARN] ModelIntegratedComponent:63 - No mode defined for component null
2023-08-13 12:50:41,737 [WARN] ModelIntegratedComponent:63 - No mode defined for component null
2023-08-13 12:50:41,737 [WARN] ModelIntegratedComponent:63 - No mode defined for component null
2023-08-13 12:50:41,737 [WARN] ModelIntegratedComponent:63 - No mode defined for component null
2023-08-13 12:50:41,737 [WARN] ModelIntegratedComponent:63 - No mode defined for component null
2023-08-13 12:50:41,737 [WARN] ModelIntegratedComponent:63 - No mode defined for component null
2023-08-13 12:50:41,738 [WARN] ModelIntegratedComponent:63 - No mode defined for component null
2023-08-13 12:50:41,738 [WARN] ModelIntegratedComponent:63 - No mode defined for component null
2023-08-13 12:50:41,738 [WARN] ModelIntegratedComponent:63 - No mode defined for component null
2023-08-13 12:50:41,738 [WARN] ModelIntegratedComponent:63 - No mode defined for component null
2023-08-13 12:50:41,738 [WARN] ModelIntegratedComponent:63 - No mode defined for component null
2023-08-13 12:50:41,738 [WARN] ModelIntegratedComponent:63 - No mode defined for component null
2023-08-13 12:50:41,738 [WARN] ModelIntegratedComponent:63 - No mode defined for component null
2023-08-13 12:50:41,738 [WARN] ModelIntegratedComponent:63 - No mode defined for component null
2023-08-13 12:50:41,738 [WARN] ModelIntegratedComponent:63 - No mode defined for component null
2023-08-13 12:50:41,738 [WARN] ModelIntegratedComponent:63 - No mode defined for component null
2023-08-13 12:50:41,764 [WARN] ModelIntegratedComponent:182 - Modes not found for component STMicroelectronics:USB_DEVICE:1.0.0:STMicroelectronics:USB::USB Device:Audio HS::1.0:USB_DEVICE_1_0_RESTRICTED_HS
2023-08-13 12:50:41,764 [WARN] ModelIntegratedComponent:188 - Modes not found for component STMicroelectronics:USB_DEVICE:1.0.0:STMicroelectronics:USB::USB Device:Audio HS::1.0:USB_DEVICE_1_0_RESTRICTED_HS
2023-08-13 12:50:41,764 [WARN] ModelIntegratedComponent:182 - Modes not found for component STMicroelectronics:USB_DEVICE:1.0.0:STMicroelectronics:USB::USB Device:CDC HS::1.0:USB_DEVICE_1_0_RESTRICTED_HS
2023-08-13 12:50:41,764 [WARN] ModelIntegratedComponent:188 - Modes not found for component STMicroelectronics:USB_DEVICE:1.0.0:STMicroelectronics:USB::USB Device:CDC HS::1.0:USB_DEVICE_1_0_RESTRICTED_HS
2023-08-13 12:50:41,764 [WARN] ModelIntegratedComponent:182 - Modes not found for component STMicroelectronics:USB_DEVICE:1.0.0:STMicroelectronics:USB::USB Device:DFU HS::1.0:USB_DEVICE_1_0_RESTRICTED_HS
2023-08-13 12:50:41,764 [WARN] ModelIntegratedComponent:188 - Modes not found for component STMicroelectronics:USB_DEVICE:1.0.0:STMicroelectronics:USB::USB Device:DFU HS::1.0:USB_DEVICE_1_0_RESTRICTED_HS
2023-08-13 12:50:41,764 [WARN] ModelIntegratedComponent:182 - Modes not found for component STMicroelectronics:USB_DEVICE:1.0.0:STMicroelectronics:USB::USB Device:HID HS::1.0:USB_DEVICE_1_0_RESTRICTED_HS
2023-08-13 12:50:41,764 [WARN] ModelIntegratedComponent:188 - Modes not found for component STMicroelectronics:USB_DEVICE:1.0.0:STMicroelectronics:USB::USB Device:HID HS::1.0:USB_DEVICE_1_0_RESTRICTED_HS
2023-08-13 12:50:41,764 [WARN] ModelIntegratedComponent:182 - Modes not found for component STMicroelectronics:USB_DEVICE:1.0.0:STMicroelectronics:USB::USB Device:Custom HID HS::1.0:USB_DEVICE_1_0_RESTRICTED_HS
2023-08-13 12:50:41,764 [WARN] ModelIntegratedComponent:188 - Modes not found for component STMicroelectronics:USB_DEVICE:1.0.0:STMicroelectronics:USB::USB Device:Custom HID HS::1.0:USB_DEVICE_1_0_RESTRICTED_HS
2023-08-13 12:50:41,764 [WARN] ModelIntegratedComponent:182 - Modes not found for component STMicroelectronics:USB_DEVICE:1.0.0:STMicroelectronics:USB::USB Device:MSC HS::1.0:USB_DEVICE_1_0_RESTRICTED_HS
2023-08-13 12:50:41,765 [WARN] ModelIntegratedComponent:188 - Modes not found for component STMicroelectronics:USB_DEVICE:1.0.0:STMicroelectronics:USB::USB Device:MSC HS::1.0:USB_DEVICE_1_0_RESTRICTED_HS
2023-08-13 12:50:41,787 [INFO] ThirdPartyModel:298 - Start build external matchings
2023-08-13 12:50:42,385 [INFO] ThirdPartyModel:316 - End build external matchings
2023-08-13 12:50:42,417 [INFO] ImportTextPane:194 - (OptionalMessage_ERROR) IP (RCC) : Invalid parameter (48MHZClocksFreq_Value)
2023-08-13 12:50:42,417 [INFO] ImportTextPane:194 - (OptionalMessage_ERROR) IP (RCC) : Invalid parameter (ADC12outputFreq_Value)
2023-08-13 12:50:42,417 [INFO] ImportTextPane:194 - (OptionalMessage_ERROR) IP (RCC) : Invalid parameter (ADC34outputFreq_Value)
2023-08-13 12:50:42,418 [INFO] ImportTextPane:194 - (OptionalMessage_ERROR) IP (RCC) : Invalid parameter (EthernetFreq_Value)
2023-08-13 12:50:42,418 [INFO] ImportTextPane:194 - (OptionalMessage_ERROR) IP (RCC) : Invalid parameter (FamilyName)
2023-08-13 12:50:42,418 [INFO] ImportTextPane:194 - (OptionalMessage_ERROR) IP (RCC) : Invalid parameter (I2C1Freq_Value)
2023-08-13 12:50:42,418 [INFO] ImportTextPane:194 - (OptionalMessage_ERROR) IP (RCC) : Invalid parameter (I2C2Freq_Value)
2023-08-13 12:50:42,420 [INFO] ImportTextPane:194 - (OptionalMessage_ERROR) IP (RCC) : Invalid parameter (I2C3Freq_Value)
2023-08-13 12:50:42,420 [INFO] ImportTextPane:194 - (OptionalMessage_ERROR) IP (RCC) : Invalid parameter (I2SClocksFreq_Value)
2023-08-13 12:50:42,420 [INFO] ImportTextPane:194 - (OptionalMessage_ERROR) IP (RCC) : Invalid parameter (MCOFreq_Value)
2023-08-13 12:50:42,421 [INFO] ImportTextPane:194 - (OptionalMessage_ERROR) IP (RCC) : Invalid parameter (PLLI2SPCLKFreq_Value)
2023-08-13 12:50:42,421 [INFO] ImportTextPane:194 - (OptionalMessage_ERROR) IP (RCC) : Invalid parameter (PLLI2SQoutputFreq_Value)
2023-08-13 12:50:42,422 [INFO] ImportTextPane:194 - (OptionalMessage_ERROR) IP (RCC) : Invalid parameter (PLLI2SoutputFreq_Value)
2023-08-13 12:50:42,422 [INFO] ImportTextPane:194 - (OptionalMessage_ERROR) IP (RCC) : Invalid parameter (PLLMCOFreq_Value)
2023-08-13 12:50:42,422 [INFO] ImportTextPane:194 - (OptionalMessage_ERROR) IP (RCC) : Invalid parameter (PLLMUL)
2023-08-13 12:50:42,423 [INFO] ImportTextPane:194 - (OptionalMessage_ERROR) IP (RCC) : Invalid parameter (PRESCALERUSB)
2023-08-13 12:50:42,424 [INFO] ImportTextPane:194 - (OptionalMessage_ERROR) IP (RCC) : Invalid parameter (SYSCLKSourceVirtual)
2023-08-13 12:50:42,424 [INFO] ImportTextPane:194 - (OptionalMessage_ERROR) IP (RCC) : Invalid parameter (TIM15Freq_Value)
2023-08-13 12:50:42,424 [INFO] ImportTextPane:194 - (OptionalMessage_ERROR) IP (RCC) : Invalid parameter (TIM16Freq_Value)
2023-08-13 12:50:42,424 [INFO] ImportTextPane:194 - (OptionalMessage_ERROR) IP (RCC) : Invalid parameter (TIM17Freq_Value)
2023-08-13 12:50:42,424 [INFO] ImportTextPane:194 - (OptionalMessage_ERROR) IP (RCC) : Invalid parameter (TIM1Freq_Value)
2023-08-13 12:50:42,424 [INFO] ImportTextPane:194 - (OptionalMessage_ERROR) IP (RCC) : Invalid parameter (TIM20Freq_Value)
2023-08-13 12:50:42,424 [INFO] ImportTextPane:194 - (OptionalMessage_ERROR) IP (RCC) : Invalid parameter (TIM2Freq_Value)
2023-08-13 12:50:42,424 [INFO] ImportTextPane:194 - (OptionalMessage_ERROR) IP (RCC) : Invalid parameter (TIM3Freq_Value)
2023-08-13 12:50:42,424 [INFO] ImportTextPane:194 - (OptionalMessage_ERROR) IP (RCC) : Invalid parameter (TIM8Freq_Value)
2023-08-13 12:50:42,425 [INFO] ImportTextPane:194 - (OptionalMessage_ERROR) IP (RCC) : Invalid parameter (UART4Freq_Value)
2023-08-13 12:50:42,425 [INFO] ImportTextPane:194 - (OptionalMessage_ERROR) IP (RCC) : Invalid parameter (UART5Freq_Value)
2023-08-13 12:50:42,425 [INFO] ImportTextPane:194 - (OptionalMessage_ERROR) IP (RCC) : Invalid parameter (USART1Freq_Value)
2023-08-13 12:50:42,425 [INFO] ImportTextPane:194 - (OptionalMessage_ERROR) IP (RCC) : Invalid parameter (USART2Freq_Value)
2023-08-13 12:50:42,425 [INFO] ImportTextPane:194 - (OptionalMessage_ERROR) IP (RCC) : Invalid parameter (USART3Freq_Value)
2023-08-13 12:50:42,427 [INFO] ImportTextPane:194 - (OptionalMessage_ERROR) IP (RCC) : Invalid parameter (VCOInputMFreq_Value)
2023-08-13 12:50:42,428 [INFO] ImportTextPane:194 - (OptionalMessage_ERROR) IP (RCC) : Invalid parameter (VCOOutput2Freq_Value)
2023-08-13 12:50:42,428 [INFO] ImportTextPane:194 - (OptionalMessage_ERROR) IP (RCC) : Invalid parameter (VcooutputI2S)
2023-08-13 12:50:43,624 [INFO] UtilMem:75 - End LoadConfig() Used Memory: 631325400 Bytes (878706688)
2023-08-13 12:50:43,890 [INFO] ApiDb:581 - Connected to CubeFinder SQLite database (C:\Users\CEO\.stmcufinder\plugins\mcufinder\mcu\cube-finder-db.db)
2023-08-13 12:50:44,025 [INFO] ApiDb:668 - CubeFinder database Data Model version=2.1
2023-08-13 12:50:44,025 [INFO] ApiDb:669 - CubeFinder database Configuration version=3.0.37
2023-08-13 12:50:44,025 [INFO] ApiDb:670 - CubeFinder database generation date=2023-07-31 (1690792719)
2023-08-13 12:50:44,025 [INFO] ApiDb:671 - CubeFinder database FW Pack versions=[FP-ATR-ASTRA1_V2.0.0, FP-SNS-FLIGHT1_V5.0.1, FP-SNS-FLIGHT1_V5.0.2, FP-SNS-MOTENV1_V4.3.1, FP-SNS-MOTENV1_V4.3.2, STM32Cube_FW_C0_V1.1.0, STM32Cube_FW_F4_V1.27.1, STM32Cube_FW_F7_V1.17.0, STM32Cube_FW_G0_V1.6.1, STM32Cube_FW_G4_V1.5.1, STM32Cube_FW_H5_V0.5.1, STM32Cube_FW_H5_V1.1.0, STM32Cube_FW_H7_V1.11.0, STM32Cube_FW_L0_V1.12.2, STM32Cube_FW_L5_V1.5.0, STM32Cube_FW_U5_V1.3.0, STM32Cube_FW_U5_V1.3.0RC4, STM32Cube_FW_WBA_V1.0.0RC1, STM32Cube_FW_WBA_V1.1.0, STM32Cube_FW_WBA_V1.1.0RC1, STM32Cube_FW_WB_V1.15.0RC1, STM32Cube_FW_WB_V1.16.0, STM32Cube_FW_WB_V1.16.0RC2, STM32Cube_FW_WB_V1.17.0, STM32Cube_FW_WL_V1.3.0, X-CUBE-ALGOBUILD_V1.3.0, X-CUBE-ALS_V1.0.1, X-CUBE-AZRTOS-F4_V1.1.0, X-CUBE-AZRTOS-F7_V1.1.0, X-CUBE-AZRTOS-G0_V1.1.0, X-CUBE-AZRTOS-G4_V2.0.0, X-CUBE-AZRTOS-H7_V3.1.0, X-CUBE-AZRTOS-L4_V1.0.0, X-CUBE-AZRTOS-L4_V2.0.0, X-CUBE-AZRTOS-L5_V1.1.0, X-CUBE-AZRTOS-WB_V1.1.0, X-CUBE-AZRTOS-WL_V2.0.0, X-CUBE-BLE1_V6.2.4, X-CUBE-BLE2_V3.3.0, X-CUBE-BLEMGR_V2.0.0, X-CUBE-EEPRMA1_V4.1.0, X-CUBE-FREERTOS_V1.0.1, X-CUBE-GNSS1_V6.0.0, X-CUBE-MEMS1_V9.1.0, X-CUBE-MEMS1_V9.4.0, X-CUBE-MEMS1_V9.6.0, X-CUBE-NFC4_V3.0.0, X-CUBE-NFC7_V1.0.0, X-CUBE-SFXS2LP1_V4.0.0, X-CUBE-SUBG2_V5.0.0]
2023-08-13 12:50:47,082 [INFO] ApiDb:240 - Found 297 in-development CPN: [B-G473E-ZEST1S, B-WB1M-WPAN1, B-WL5M-SUBG1, NUCLEO-C031C6, NUCLEO-H503RB, NUCLEO-H563ZI, NUCLEO-U545RE-Q, NUCLEO-U5A5ZJ-Q, NUCLEO-WBA52CG, STEVAL-PROTEUS1, STEVAL-STWINBX1, STM320518-EVAL, STM32C0116-DK, STM32C011D6Y3TR, STM32C011D6Y6TR, STM32C011F4P3, STM32C011F4P6, STM32C011F4U3, STM32C011F4U6TR, STM32C011F6P3, STM32C011F6P6, STM32C011F6U3, STM32C011F6U6TR, STM32C011J4M3, STM32C011J4M6, STM32C011J6M3, STM32C011J6M6, STM32C0316-DK, STM32C031C4T3, STM32C031C4T6, STM32C031C4U3, STM32C031C4U6, STM32C031C6T3, STM32C031C6T6, STM32C031C6U3, STM32C031C6U6, STM32C031F4P3, STM32C031F4P6, STM32C031F6P3, STM32C031F6P6, STM32C031G4U3, STM32C031G4U6, STM32C031G6U3, STM32C031G6U6, STM32C031K4T3, STM32C031K4T6, STM32C031K4U3, STM32C031K4U6, STM32C031K6T3, STM32C031K6T6, STM32C031K6U3, STM32C031K6U6, STM32G071K8TXN, STM32G071K8UXN, STM32G081GBU6N, STM32G081KBT6N, STM32G081KBUXN, STM32G0B1CCT6N, STM32G0B1KCT6, STM32G0B1NEY6TR, STM32G0B1RCT6N, STM32G0C1CCT6, STM32G0C1CCT6N, STM32G0C1CCU6N, STM32G0C1CET6N, STM32G0C1CEU6N, STM32G0C1KCT6, STM32G0C1NEY6TR, STM32G0C1RCI6N, STM32G0C1RCT6N, STM32G0C1REI6N, STM32G0C1RET6N, STM32G0C1VCI6, STM32G0C1VEI6, STM32G471CCT6, STM32G471CCU6, STM32G471CET3, STM32G471CET6, STM32G471CEU3, STM32G471CEU6, STM32G471MCT6, STM32G471MET3, STM32G471MET6, STM32G471MEY6TR, STM32G471QCT6, STM32G471QET3, STM32G471RCT6, STM32G471RET3, STM32G471RET6, STM32G471VCH6, STM32G471VCI6, STM32G471VCT6, STM32G471VEH3, STM32G471VEH6, STM32G471VEI3, STM32G471VEI6, STM32G471VET3, STM32G471VET6, STM32G474CCT6, STM32H503CBT6, STM32H503CBU6, STM32H503EBY6TR, STM32H503KBU6, STM32H503RBT6, STM32H562AGI6, STM32H562AII6, STM32H562IGK6, STM32H562IGT6, STM32H562IIK6, STM32H562IIT6, STM32H562RGT6, STM32H562RGV6, STM32H562RIT6, STM32H562RIV6, STM32H562VGT6, STM32H562VIT6, STM32H562ZGT6, STM32H562ZIT6, STM32H563AGI6, STM32H563AII3Q, STM32H563AII6, STM32H563IGK6, STM32H563IGT6, STM32H563IIK3Q, STM32H563IIK6, STM32H563IIT3Q, STM32H563IIT6, STM32H563MIY3QTR, STM32H563RGT6, STM32H563RGV6, STM32H563RIT6, STM32H563RIV6, STM32H563VGT6, STM32H563VIT3Q, STM32H563VIT6, STM32H563ZGT6, STM32H563ZIT3Q, STM32H563ZIT6, STM32H573AII3Q, STM32H573AII6, STM32H573I-DK, STM32H573IIK3Q, STM32H573IIK6, STM32H573IIT3Q, STM32H573IIT6, STM32H573MIY3QTR, STM32H573RIT6, STM32H573RIV6, STM32H573VIT3Q, STM32H573VIT6, STM32H573ZIT3Q, STM32H573ZIT6, STM32L4R5QGI6STR, STM32MP131AAE3, STM32MP131AAF3, STM32MP131AAG3, STM32MP131CAE3, STM32MP131CAF3, STM32MP131CAG3, STM32MP131DAE7, STM32MP131DAF7, STM32MP131DAG7, STM32MP131FAE7, STM32MP131FAF7, STM32MP131FAG7, STM32MP133AAE3, STM32MP133AAF3, STM32MP133AAG3, STM32MP133CAE3, STM32MP133CAF3, STM32MP133CAG3, STM32MP133DAE7, STM32MP133DAF7, STM32MP133DAG7, STM32MP133FAE7, STM32MP133FAF7, STM32MP133FAG7, STM32MP135AAE3, STM32MP135AAF3, STM32MP135AAG3, STM32MP135CAE3, STM32MP135CAF3, STM32MP135CAG3, STM32MP135DAE7, STM32MP135DAF7, STM32MP135DAG7, STM32MP135F-DK, STM32MP135FAE7, STM32MP135FAF7, STM32MP135FAF7T, STM32MP135FAF7U, STM32MP135FAG7, STM32U535CBT6, STM32U535CBT6Q, STM32U535CBU6, STM32U535CBU6Q, STM32U535CCT6, STM32U535CCT6Q, STM32U535CCU6, STM32U535CCU6Q, STM32U535CET6, STM32U535CET6Q, STM32U535CEU6, STM32U535CEU6Q, STM32U535JEY6QTR, STM32U535NCY6QTR, STM32U535NEY6QTR, STM32U535RBI6, STM32U535RBI6Q, STM32U535RBT6, STM32U535RBT6Q, STM32U535RCI6, STM32U535RCI6Q, STM32U535RCT6, STM32U535RCT6Q, STM32U535REI6, STM32U535REI6Q, STM32U535RET6, STM32U535RET6Q, STM32U535VCI6, STM32U535VCI6Q, STM32U535VCT6, STM32U535VCT6Q, STM32U535VEI6, STM32U535VEI6Q, STM32U535VET6, STM32U535VET6Q, STM32U545CET6, STM32U545CET6Q, STM32U545CEU6, STM32U545CEU6Q, STM32U545JEY6QTR, STM32U545NEY6QTR, STM32U545REI6, STM32U545REI6Q, STM32U545RET6, STM32U545RET6Q, STM32U545VEI6, STM32U545VEI6Q, STM32U545VET6, STM32U545VET6Q, STM32U595AIH6, STM32U595AIH6Q, STM32U595AJH6, STM32U595AJH6Q, STM32U595QII6, STM32U595QII6Q, STM32U595QJI6, STM32U595QJI6Q, STM32U595RIT6, STM32U595RIT6Q, STM32U595RJT6, STM32U595RJT6Q, STM32U595VIT6, STM32U595VIT6Q, STM32U595VJT6, STM32U595VJT6Q, STM32U595ZIT6, STM32U595ZIT6Q, STM32U595ZIY6QTR, STM32U595ZJT6, STM32U595ZJT6Q, STM32U595ZJY6QTR, STM32U599BJY6QTR, STM32U599NIH6Q, STM32U599NJH6Q, STM32U599VIT6Q, STM32U599VJT6, STM32U599VJT6Q, STM32U599ZIT6Q, STM32U599ZIY6QTR, STM32U599ZJT6Q, STM32U599ZJY6QTR, STM32U5A5AJH6, STM32U5A5AJH6Q, STM32U5A5QJI6, STM32U5A5QJI6Q, STM32U5A5RJT6, STM32U5A5RJT6Q, STM32U5A5VJT6, STM32U5A5VJT6Q, STM32U5A5ZJT6, STM32U5A5ZJT6Q, STM32U5A5ZJY6QTR, STM32U5A9BJY6QTR, STM32U5A9J-DK, STM32U5A9NJH6Q, STM32U5A9VJT6Q, STM32U5A9ZJT6Q, STM32U5A9ZJY6QTR, STM32WB1MMCH6, STM32WBA52CEU6, STM32WBA52CEU6T, STM32WBA52CGU6, STM32WBA52CGU6T, STM32WL5MOCH6, STM32WL5MOCH6TR]
2023-08-13 12:50:47,089 [INFO] DbMcus:216 - Found 3825 MCUs, 3825 are supported
2023-08-13 12:50:47,093 [INFO] ApiDb:423 - Load user favorites file C:\Users\CEO/.stm32cubeide/favorites.mcus.txt: 0 item(s)
2023-08-13 12:50:47,093 [INFO] ApiDb:427 - User favorites MCUs=[]
2023-08-13 12:50:47,093 [INFO] DbMcus:222 - Set 0 / 0 favorites MCUs
2023-08-13 12:50:47,810 [WARN] ThirdParty:833 - waiting for thirdparty lock release [change project]
2023-08-13 12:50:47,811 [INFO] ThirdParty:835 - entering critical section [change project]
2023-08-13 12:50:47,811 [INFO] ThirdParty:1030 - CMSIS Pack Vendor :STMicroelectronics X-CUBE-ISPU 1.1.0
2023-08-13 12:50:47,811 [INFO] ThirdParty:1030 - CMSIS Pack Vendor :STMicroelectronics X-CUBE-GNSS1 6.0.0
2023-08-13 12:50:47,811 [INFO] ThirdParty:1030 - CMSIS Pack Vendor :STMicroelectronics USB_HOST 2.0.0
2023-08-13 12:50:47,811 [INFO] ThirdParty:1030 - CMSIS Pack Vendor :STMicroelectronics X-CUBE-AZRTOS-F4 1.1.0
2023-08-13 12:50:47,811 [INFO] ThirdParty:1030 - CMSIS Pack Vendor :STMicroelectronics LIBJPEG 8.0.0
2023-08-13 12:50:47,811 [INFO] ThirdParty:1030 - CMSIS Pack Vendor :STMicroelectronics X-CUBE-SMBUS 2.1.0
2023-08-13 12:50:47,811 [INFO] ThirdParty:1030 - CMSIS Pack Vendor :wolfSSL I-CUBE-wolfSSL 5.6.0
2023-08-13 12:50:47,811 [INFO] ThirdParty:1030 - CMSIS Pack Vendor :STMicroelectronics USB_DEVICE 3.0.0
2023-08-13 12:50:47,811 [INFO] ThirdParty:1030 - CMSIS Pack Vendor :STMicroelectronics X-CUBE-AZRTOS-WB 2.0.0
2023-08-13 12:50:47,811 [INFO] ThirdParty:1030 - CMSIS Pack Vendor :STMicroelectronics X-CUBE-FREERTOS 1.0.1
2023-08-13 12:50:47,812 [INFO] ThirdParty:1030 - CMSIS Pack Vendor :STMicroelectronics X-CUBE-AZRTOS-F7 1.1.0
2023-08-13 12:50:47,812 [INFO] ThirdParty:1030 - CMSIS Pack Vendor :STMicroelectronics X-CUBE-TOUCHGFX 4.21.4
2023-08-13 12:50:47,812 [INFO] ThirdParty:1030 - CMSIS Pack Vendor :STMicroelectronics X-CUBE-AZRTOS-L5 2.0.0
2023-08-13 12:50:47,812 [INFO] ThirdParty:1030 - CMSIS Pack Vendor :STMicroelectronics USB_DEVICE 2.0.0
2023-08-13 12:50:47,812 [INFO] ThirdParty:1030 - CMSIS Pack Vendor :STMicroelectronics X-CUBE-MEMS1 9.6.0
2023-08-13 12:50:47,812 [INFO] ThirdParty:1030 - CMSIS Pack Vendor :STMicroelectronics FP-SNS-MOTENV1 4.3.2
2023-08-13 12:50:47,812 [INFO] ThirdParty:1030 - CMSIS Pack Vendor :STMicroelectronics FP-SNS-MOTENV1 4.3.1
2023-08-13 12:50:47,812 [INFO] ThirdParty:1030 - CMSIS Pack Vendor :STMicroelectronics FP-SNS-FLIGHT1 5.0.1
2023-08-13 12:50:47,812 [INFO] ThirdParty:1030 - CMSIS Pack Vendor :STMicroelectronics X-CUBE-ALGOBUILD 1.3.0
2023-08-13 12:50:47,812 [INFO] ThirdParty:1030 - CMSIS Pack Vendor :STMicroelectronics X-CUBE-BLE1 6.2.4
2023-08-13 12:50:47,812 [INFO] ThirdParty:1030 - CMSIS Pack Vendor :STMicroelectronics X-CUBE-AZRTOS-L5 1.1.0
2023-08-13 12:50:47,812 [INFO] ThirdParty:1030 - CMSIS Pack Vendor :STMicroelectronics FreeRTOS 0.0.1
2023-08-13 12:50:47,812 [INFO] ThirdParty:1030 - CMSIS Pack Vendor :STMicroelectronics X-CUBE-AZRTOS-G0 1.1.0
2023-08-13 12:50:47,813 [INFO] ThirdParty:1030 - CMSIS Pack Vendor :emotas I-CUBE-CANOPEN 1.1.3
2023-08-13 12:50:47,813 [INFO] ThirdParty:1030 - CMSIS Pack Vendor :STMicroelectronics X-CUBE-BLEMGR 2.0.0
2023-08-13 12:50:47,813 [INFO] ThirdParty:1030 - CMSIS Pack Vendor :STMicroelectronics X-CUBE-AI 8.0.1
2023-08-13 12:50:47,813 [INFO] ThirdParty:1030 - CMSIS Pack Vendor :STMicroelectronics X-CUBE-NFC4 3.0.0
2023-08-13 12:50:47,813 [INFO] ThirdParty:1030 - CMSIS Pack Vendor :STMicroelectronics X-CUBE-SUBG2 5.0.0
2023-08-13 12:50:47,813 [INFO] ThirdParty:1030 - CMSIS Pack Vendor :STMicroelectronics STM32_WPAN 1.0.0
2023-08-13 12:50:47,813 [INFO] ThirdParty:1030 - CMSIS Pack Vendor :STMicroelectronics lwIP 2.0.3
2023-08-13 12:50:47,813 [INFO] ThirdParty:1030 - CMSIS Pack Vendor :STMicroelectronics FP-SNS-FLIGHT1 5.0.2
2023-08-13 12:50:47,813 [INFO] ThirdParty:1030 - CMSIS Pack Vendor :STMicroelectronics USB_HOST 1.0.0
2023-08-13 12:50:47,813 [INFO] ThirdParty:1030 - CMSIS Pack Vendor :STMicroelectronics X-CUBE-TOF1 3.3.1
2023-08-13 12:50:47,813 [INFO] ThirdParty:1030 - CMSIS Pack Vendor :STMicroelectronics X-CUBE-AZRTOS-G4 2.0.0
2023-08-13 12:50:47,813 [INFO] ThirdParty:1030 - CMSIS Pack Vendor :STMicroelectronics PDM2PCM 3.1.0
2023-08-13 12:50:47,813 [INFO] ThirdParty:1030 - CMSIS Pack Vendor :STMicroelectronics X-CUBE-AZRTOS-H7 3.1.0
2023-08-13 12:50:47,813 [INFO] ThirdParty:1030 - CMSIS Pack Vendor :STMicroelectronics X-CUBE-TOF1 3.3.0
2023-08-13 12:50:47,813 [INFO] ThirdParty:1030 - CMSIS Pack Vendor :STMicroelectronics PDM2PCM 3.3.0
2023-08-13 12:50:47,814 [INFO] ThirdParty:1030 - CMSIS Pack Vendor :STMicroelectronics X-CUBE-DISPLAY 3.0.0
2023-08-13 12:50:47,814 [INFO] ThirdParty:1030 - CMSIS Pack Vendor :STMicroelectronics X-CUBE-BLE1 7.0.0
2023-08-13 12:50:47,814 [INFO] ThirdParty:1030 - CMSIS Pack Vendor :STMicroelectronics FP-ATR-SIGFOX1 3.2.0
2023-08-13 12:50:47,814 [INFO] ThirdParty:1030 - CMSIS Pack Vendor :STMicroelectronics HAL Drivers 0.0.0
2023-08-13 12:50:47,814 [INFO] ThirdParty:1030 - CMSIS Pack Vendor :STMicroelectronics MBEDTLS 2.16.2
2023-08-13 12:50:47,814 [INFO] ThirdParty:1030 - CMSIS Pack Vendor :STMicroelectronics X-CUBE-TOUCHGFX 4.22.0
2023-08-13 12:50:47,814 [INFO] ThirdParty:1030 - CMSIS Pack Vendor :STMicroelectronics X-CUBE-NFC7 1.0.1
2023-08-13 12:50:47,814 [INFO] ThirdParty:1030 - CMSIS Pack Vendor :STMicroelectronics MBEDTLS 2.14.1
2023-08-13 12:50:47,814 [INFO] ThirdParty:1030 - CMSIS Pack Vendor :STMicroelectronics X-CUBE-EEPRMA1 4.1.0
2023-08-13 12:50:47,814 [INFO] ThirdParty:1030 - CMSIS Pack Vendor :portGmbH I-Cube-SoM-uGOAL 1.1.0
2023-08-13 12:50:47,814 [INFO] ThirdParty:1030 - CMSIS Pack Vendor :STMicroelectronics X-CUBE-ALS 1.0.1
2023-08-13 12:50:47,814 [INFO] ThirdParty:1030 - CMSIS Pack Vendor :STMicroelectronics ThreadX 1.0.0
2023-08-13 12:50:47,814 [INFO] ThirdParty:1030 - CMSIS Pack Vendor :STMicroelectronics X-CUBE-AZRTOS-WB 1.1.0
2023-08-13 12:50:47,815 [INFO] ThirdParty:1030 - CMSIS Pack Vendor :STMicroelectronics X-CUBE-AZRTOS-WL 2.0.0
2023-08-13 12:50:47,815 [INFO] ThirdParty:1030 - CMSIS Pack Vendor :SEGGER I-CUBE-embOS 1.3.1
2023-08-13 12:50:47,815 [INFO] ThirdParty:1030 - CMSIS Pack Vendor :STMicroelectronics USB_DEVICE 1.0.0
2023-08-13 12:50:47,815 [INFO] ThirdParty:1030 - CMSIS Pack Vendor :STMicroelectronics X-CUBE-AI 8.1.0
2023-08-13 12:50:47,815 [INFO] ThirdParty:1030 - CMSIS Pack Vendor :STMicroelectronics X-CUBE-AZRTOS-L4 2.0.0
2023-08-13 12:50:47,815 [INFO] ThirdParty:1030 - CMSIS Pack Vendor :STMicroelectronics ThreadX 0.0.2
2023-08-13 12:50:47,815 [INFO] ThirdParty:1030 - CMSIS Pack Vendor :WES I-CUBE-Cesium 1.3.0
2023-08-13 12:50:47,815 [INFO] ThirdParty:1030 - CMSIS Pack Vendor :STMicroelectronics FP-ATR-ASTRA1 2.0.0
2023-08-13 12:50:47,815 [INFO] ThirdParty:1030 - CMSIS Pack Vendor :STMicroelectronics lwIP 2.1.2
2023-08-13 12:50:47,815 [INFO] ThirdParty:1030 - CMSIS Pack Vendor :STMicroelectronics X-CUBE-SFXS2LP1 4.0.0
2023-08-13 12:50:47,815 [INFO] ThirdParty:1030 - CMSIS Pack Vendor :STMicroelectronics X-CUBE-BLE2 3.3.0
2023-08-13 12:50:47,815 [INFO] ThirdParty:1030 - CMSIS Pack Vendor :STMicroelectronics PDM2PCM 3.2.0
2023-08-13 12:50:47,816 [INFO] ThirdParty:841 - exiting critical section [change project]
2023-08-13 12:50:48,951 [INFO] PinOutPanel:1499 - setPackage(No Configuration,No Configuration)
2023-08-13 12:50:48,954 [INFO] PinOutPanel:1499 - setPackage(STM32F413ZHTx,LQFP144)
2023-08-13 12:50:51,190 [INFO] UtilMem:75 - Before build in PCC Used Memory: 647047168 Bytes (878706688)
2023-08-13 12:50:53,623 [INFO] UtilMem:75 - After build in PCC Used Memory: 640755712 Bytes (878706688)
2023-08-13 12:50:53,716 [INFO] IPUIPlugin:80 - create IPUIPlugin
2023-08-13 12:50:53,716 [INFO] IPUIPlugin:80 - create IPUIPlugin
2023-08-13 12:50:53,716 [INFO] IPUIPlugin:80 - create IPUIPlugin
2023-08-13 12:50:53,717 [INFO] IPUIPlugin:80 - create IPUIPlugin
2023-08-13 12:50:53,717 [INFO] IPUIPlugin:80 - create IPUIPlugin
2023-08-13 12:50:53,717 [INFO] IPUIPlugin:80 - create IPUIPlugin
2023-08-13 12:50:53,717 [INFO] IPUIPlugin:80 - create IPUIPlugin
2023-08-13 12:50:53,717 [INFO] IPUIPlugin:80 - create IPUIPlugin
2023-08-13 12:50:53,718 [INFO] IPUIPlugin:80 - create IPUIPlugin
2023-08-13 12:50:53,718 [INFO] IPUIPlugin:80 - create IPUIPlugin
2023-08-13 12:50:53,718 [INFO] IPUIPlugin:80 - create IPUIPlugin
2023-08-13 12:50:53,718 [INFO] IPUIPlugin:80 - create IPUIPlugin
2023-08-13 12:50:53,718 [INFO] IPUIPlugin:80 - create IPUIPlugin
2023-08-13 12:50:53,718 [INFO] IPUIPlugin:80 - create IPUIPlugin
2023-08-13 12:50:53,719 [INFO] IPUIPlugin:80 - create IPUIPlugin
2023-08-13 12:50:53,719 [INFO] IPUIPlugin:80 - create IPUIPlugin
2023-08-13 12:50:53,719 [INFO] IPUIPlugin:80 - create IPUIPlugin
2023-08-13 12:50:53,719 [INFO] IPUIPlugin:80 - create IPUIPlugin
2023-08-13 12:50:53,719 [INFO] IPUIPlugin:80 - create IPUIPlugin
2023-08-13 12:50:53,720 [INFO] IPUIPlugin:80 - create IPUIPlugin
2023-08-13 12:50:53,720 [INFO] IPUIPlugin:80 - create IPUIPlugin
2023-08-13 12:50:53,720 [INFO] IPUIPlugin:80 - create IPUIPlugin
2023-08-13 12:50:53,720 [INFO] IPUIPlugin:80 - create IPUIPlugin
2023-08-13 12:50:53,721 [INFO] IPUIPlugin:80 - create IPUIPlugin
2023-08-13 12:50:53,733 [INFO] IPUIPlugin:80 - create IPUIPlugin
2023-08-13 12:50:53,734 [INFO] IPUIPlugin:80 - create IPUIPlugin
2023-08-13 12:50:53,734 [INFO] IPUIPlugin:80 - create IPUIPlugin
2023-08-13 12:50:53,734 [INFO] IPUIPlugin:80 - create IPUIPlugin
2023-08-13 12:50:53,736 [INFO] IPUIPlugin:80 - create IPUIPlugin
2023-08-13 12:50:53,741 [INFO] IPUIPlugin:80 - create IPUIPlugin
2023-08-13 12:50:53,756 [INFO] IPUIPlugin:80 - create IPUIPlugin
2023-08-13 12:50:53,757 [INFO] IPUIPlugin:80 - create IPUIPlugin
2023-08-13 12:50:53,757 [INFO] IPUIPlugin:80 - create IPUIPlugin
2023-08-13 12:50:53,757 [INFO] IPUIPlugin:80 - create IPUIPlugin
2023-08-13 12:50:53,758 [INFO] IPUIPlugin:80 - create IPUIPlugin
2023-08-13 12:50:53,758 [INFO] IPUIPlugin:80 - create IPUIPlugin
2023-08-13 12:50:53,759 [INFO] IPUIPlugin:80 - create IPUIPlugin
2023-08-13 12:50:53,759 [INFO] IPUIPlugin:80 - create IPUIPlugin
2023-08-13 12:50:53,759 [INFO] IPUIPlugin:80 - create IPUIPlugin
2023-08-13 12:50:53,760 [INFO] IPUIPlugin:80 - create IPUIPlugin
2023-08-13 12:50:53,761 [INFO] IPUIPlugin:80 - create IPUIPlugin
2023-08-13 12:50:53,761 [INFO] IPUIPlugin:80 - create IPUIPlugin
2023-08-13 12:50:53,762 [INFO] IPUIPlugin:80 - create IPUIPlugin
2023-08-13 12:50:53,762 [INFO] IPUIPlugin:80 - create IPUIPlugin
2023-08-13 12:50:53,763 [INFO] IPUIPlugin:80 - create IPUIPlugin
2023-08-13 12:50:53,763 [INFO] IPUIPlugin:80 - create IPUIPlugin
2023-08-13 12:50:53,763 [INFO] IPUIPlugin:80 - create IPUIPlugin
2023-08-13 12:50:53,764 [INFO] IPUIPlugin:80 - create IPUIPlugin
2023-08-13 12:50:53,764 [INFO] IPUIPlugin:80 - create IPUIPlugin
2023-08-13 12:50:53,765 [INFO] IPUIPlugin:80 - create IPUIPlugin
2023-08-13 12:50:53,765 [INFO] IPUIPlugin:80 - create IPUIPlugin
2023-08-13 12:50:53,766 [INFO] IPUIPlugin:80 - create IPUIPlugin
2023-08-13 12:50:53,766 [INFO] IPUIPlugin:80 - create IPUIPlugin
2023-08-13 12:50:53,767 [INFO] IPUIPlugin:80 - create IPUIPlugin
2023-08-13 12:50:53,767 [INFO] IPUIPlugin:80 - create IPUIPlugin
2023-08-13 12:50:53,768 [INFO] IPUIPlugin:80 - create IPUIPlugin
2023-08-13 12:50:53,768 [INFO] IPUIPlugin:80 - create IPUIPlugin
2023-08-13 12:50:53,769 [INFO] IPUIPlugin:80 - create IPUIPlugin
2023-08-13 12:50:53,770 [INFO] IPUIPlugin:80 - create IPUIPlugin
2023-08-13 12:50:53,770 [INFO] IPUIPlugin:80 - create IPUIPlugin
2023-08-13 12:50:53,771 [INFO] IPUIPlugin:80 - create IPUIPlugin
2023-08-13 12:50:53,772 [INFO] IPUIPlugin:80 - create IPUIPlugin
2023-08-13 12:50:53,772 [INFO] IPUIPlugin:80 - create IPUIPlugin
2023-08-13 12:50:53,773 [INFO] IPUIPlugin:80 - create IPUIPlugin
2023-08-13 12:50:53,773 [INFO] IPUIPlugin:80 - create IPUIPlugin
2023-08-13 12:50:53,774 [INFO] IPUIPlugin:80 - create IPUIPlugin
2023-08-13 12:50:53,775 [INFO] IPUIPlugin:80 - create IPUIPlugin
2023-08-13 12:50:53,779 [INFO] IPUIPlugin:80 - create IPUIPlugin
2023-08-13 12:50:53,922 [INFO] ApiDbMcu:507 - Load IP Config File for PDM2PCM
2023-08-13 12:50:53,936 [WARN] IP:2113 - I2C_Coeff_DF not found: check if there is a RefParameter without a condition.
2023-08-13 12:50:53,936 [WARN] IP:2113 - Analog_Filter not found: check if there is a RefParameter without a condition.
2023-08-13 12:50:54,486 [INFO] CADModel:165 - CPN selected for project levelSTM32F413ZHT3
2023-08-13 12:50:54,488 [INFO] CADModel:114 - Register for checkConnection events
2023-08-13 12:50:54,585 [INFO] OpenFileManager:328 - Restore cursor
2023-08-13 12:50:54,889 [WARN] IP:2113 - I2C_Coeff_DF not found: check if there is a RefParameter without a condition.
2023-08-13 12:50:54,889 [WARN] IP:2113 - Analog_Filter not found: check if there is a RefParameter without a condition.
2023-08-13 12:50:54,891 [WARN] IP:2113 - I2C_Coeff_DF not found: check if there is a RefParameter without a condition.
2023-08-13 12:50:54,891 [WARN] IP:2113 - Analog_Filter not found: check if there is a RefParameter without a condition.
